This file contains any messages produced by compilers while
running configure, to aid debugging if configure makes a mistake.

It was created by configure, which was
generated by GNU Autoconf 2.71.  Invocation command line was

  $ ./configure

## --------- ##
## Platform. ##
## --------- ##

hostname = ken-ThinkPad-T420
uname -m = x86_64
uname -r = 5.15.0-60-generic
uname -s = Linux
uname -v = #66-Ubuntu SMP Fri Jan 20 14:29:49 UTC 2023

/usr/bin/uname -p = x86_64
/bin/uname -X     = unknown

/bin/arch              = x86_64
/usr/bin/arch -k       = unknown
/usr/convex/getsysinfo = unknown
/usr/bin/hostinfo      = unknown
/bin/machine           = unknown
/usr/bin/oslevel       = unknown
/bin/universe          = unknown

PATH: /usr/local/sbin/
PATH: /usr/local/bin/
PATH: /usr/sbin/
PATH: /usr/bin/
PATH: /sbin/
PATH: /bin/
PATH: /usr/games/
PATH: /usr/local/games/
PATH: /snap/bin/


## ----------- ##
## Core tests. ##
## ----------- ##

configure:2343: looking for aux files: compile missing install-sh
configure:2356:  trying ./
configure:2385:   ./compile found
configure:2385:   ./missing found
configure:2367:   ./install-sh found
configure:2515: checking for a BSD-compatible install
configure:2588: result: /usr/bin/install -c
configure:2599: checking whether build environment is sane
configure:2654: result: yes
configure:2689: WARNING: 'missing' script is too old or missing
configure:2813: checking for a race-free mkdir -p
configure:2857: result: /usr/bin/mkdir -p
configure:2864: checking for gawk
configure:2885: found /usr/bin/gawk
configure:2896: result: gawk
configure:2907: checking whether make sets $(MAKE)
configure:2930: result: yes
configure:2960: checking whether make supports nested variables
configure:2978: result: yes
configure:3120: checking for gawk
configure:3152: result: gawk
configure:3225: checking for gcc
configure:3246: found /usr/bin/gcc
configure:3257: result: gcc
configure:3610: checking for C compiler version
configure:3619: gcc --version >&5
gcc (Ubuntu 11.3.0-1ubuntu1~22.04) 11.3.0
Copyright (C) 2021 Free Software Foundation, Inc.
This is free software; see the source for copying conditions.  There is NO
warranty; not even for MERCHANTABILITY or FITNESS FOR A PARTICULAR PURPOSE.

configure:3630: $? = 0
configure:3619: gcc -v >&5
Using built-in specs.
COLLECT_GCC=gcc
COLLECT_LTO_WRAPPER=/usr/lib/gcc/x86_64-linux-gnu/11/lto-wrapper
OFFLOAD_TARGET_NAMES=nvptx-none:amdgcn-amdhsa
OFFLOAD_TARGET_DEFAULT=1
Target: x86_64-linux-gnu
Configured with: ../src/configure -v --with-pkgversion='Ubuntu 11.3.0-1ubuntu1~22.04' --with-bugurl=file:///usr/share/doc/gcc-11/README.Bugs --enable-languages=c,ada,c++,go,brig,d,fortran,objc,obj-c++,m2 --prefix=/usr --with-gcc-major-version-only --program-suffix=-11 --program-prefix=x86_64-linux-gnu- --enable-shared --enable-linker-build-id --libexecdir=/usr/lib --without-included-gettext --enable-threads=posix --libdir=/usr/lib --enable-nls --enable-bootstrap --enable-clocale=gnu --enable-libstdcxx-debug --enable-libstdcxx-time=yes --with-default-libstdcxx-abi=new --enable-gnu-unique-object --disable-vtable-verify --enable-plugin --enable-default-pie --with-system-zlib --enable-libphobos-checking=release --with-target-system-zlib=auto --enable-objc-gc=auto --enable-multiarch --disable-werror --enable-cet --with-arch-32=i686 --with-abi=m64 --with-multilib-list=m32,m64,mx32 --enable-multilib --with-tune=generic --enable-offload-targets=nvptx-none=/build/gcc-11-xKiWfi/gcc-11-11.3.0/debian/tmp-nvptx/usr,amdgcn-amdhsa=/build/gcc-11-xKiWfi/gcc-11-11.3.0/debian/tmp-gcn/usr --without-cuda-driver --enable-checking=release --build=x86_64-linux-gnu --host=x86_64-linux-gnu --target=x86_64-linux-gnu --with-build-config=bootstrap-lto-lean --enable-link-serialization=2
Thread model: posix
Supported LTO compression algorithms: zlib zstd
gcc version 11.3.0 (Ubuntu 11.3.0-1ubuntu1~22.04) 
... rest of stderr output deleted ...
configure:3630: $? = 0
configure:3619: gcc -V >&5
gcc: error: unrecognized command-line option '-V'
gcc: fatal error: no input files
compilation terminated.
configure:3630: $? = 1
configure:3619: gcc -qversion >&5
gcc: error: unrecognized command-line option '-qversion'; did you mean '--version'?
gcc: fatal error: no input files
compilation terminated.
configure:3630: $? = 1
configure:3619: gcc -version >&5
gcc: error: unrecognized command-line option '-version'
gcc: fatal error: no input files
compilation terminated.
configure:3630: $? = 1
configure:3650: checking whether the C compiler works
configure:3672: gcc    conftest.c  >&5
configure:3676: $? = 0
configure:3726: result: yes
configure:3729: checking for C compiler default output file name
configure:3731: result: a.out
configure:3737: checking for suffix of executables
configure:3744: gcc -o conftest    conftest.c  >&5
configure:3748: $? = 0
configure:3771: result: 
configure:3793: checking whether we are cross compiling
configure:3801: gcc -o conftest    conftest.c  >&5
configure:3805: $? = 0
configure:3812: ./conftest
configure:3816: $? = 0
configure:3831: result: no
configure:3836: checking for suffix of object files
configure:3859: gcc -c   conftest.c >&5
configure:3863: $? = 0
configure:3885: result: o
configure:3889: checking whether the compiler supports GNU C
configure:3909: gcc -c   conftest.c >&5
configure:3909: $? = 0
configure:3919: result: yes
configure:3930: checking whether gcc accepts -g
configure:3951: gcc -c -g  conftest.c >&5
configure:3951: $? = 0
configure:3995: result: yes
configure:4015: checking for gcc option to enable C11 features
configure:4030: gcc  -c -g -O2  conftest.c >&5
configure:4030: $? = 0
configure:4048: result: none needed
configure:4164: checking whether gcc understands -c and -o together
configure:4187: gcc -c conftest.c -o conftest2.o
configure:4190: $? = 0
configure:4187: gcc -c conftest.c -o conftest2.o
configure:4190: $? = 0
configure:4202: result: yes
configure:4222: checking whether make supports the include directive
configure:4237: make -f confmf.GNU && cat confinc.out
this is the am__doit target
configure:4240: $? = 0
configure:4259: result: yes (GNU style)
configure:4285: checking dependency style of gcc
configure:4397: result: gcc3
configure:4413: checking whether ln -s works
configure:4417: result: yes
configure:4431: checking how to run the C preprocessor
configure:4457: gcc -E  conftest.c
configure:4457: $? = 0
configure:4472: gcc -E  conftest.c
conftest.c:11:10: fatal error: ac_nonexistent.h: No such file or directory
   11 | #include <ac_nonexistent.h>
      |          ^~~~~~~~~~~~~~~~~~
compilation terminated.
configure:4472: $? = 1
configure: failed program was:
| /* confdefs.h */
| #define PACKAGE_NAME ""
| #define PACKAGE_TARNAME ""
| #define PACKAGE_VERSION ""
| #define PACKAGE_STRING ""
| #define PACKAGE_BUGREPORT ""
| #define PACKAGE_URL ""
| #define PACKAGE "wmfire"
| #define VERSION "1.2.4"
| /* end confdefs.h.  */
| #include <ac_nonexistent.h>
configure:4499: result: gcc -E
configure:4513: gcc -E  conftest.c
configure:4513: $? = 0
configure:4528: gcc -E  conftest.c
conftest.c:11:10: fatal error: ac_nonexistent.h: No such file or directory
   11 | #include <ac_nonexistent.h>
      |          ^~~~~~~~~~~~~~~~~~
compilation terminated.
configure:4528: $? = 1
configure: failed program was:
| /* confdefs.h */
| #define PACKAGE_NAME ""
| #define PACKAGE_TARNAME ""
| #define PACKAGE_VERSION ""
| #define PACKAGE_STRING ""
| #define PACKAGE_BUGREPORT ""
| #define PACKAGE_URL ""
| #define PACKAGE "wmfire"
| #define VERSION "1.2.4"
| /* end confdefs.h.  */
| #include <ac_nonexistent.h>
configure:4559: checking for X
configure:4597: gcc -o conftest -g -O2   conftest.c -lX11  >&5
configure:4597: $? = 0
configure:4784: result: libraries , headers 
configure:4788: checking for main in -lX11
configure:4808: gcc -o conftest -g -O2   conftest.c -lX11   >&5
configure:4808: $? = 0
configure:4818: result: yes
configure:4828: checking for main in -lXext
configure:4848: gcc -o conftest -g -O2   conftest.c -lXext  -lX11  >&5
configure:4848: $? = 0
configure:4858: result: yes
configure:4868: checking for sincos in -lm
configure:4891: gcc -o conftest -g -O2   conftest.c -lm  -lXext -lX11  >&5
conftest.c:17:6: warning: conflicting types for built-in function 'sincos'; expected 'void(double,  double *, double *)' [-Wbuiltin-declaration-mismatch]
   17 | char sincos ();
      |      ^~~~~~
conftest.c:1:1: note: 'sincos' is declared in header '<math.h>'
    1 | /* confdefs.h */
configure:4891: $? = 0
configure:4901: result: yes
configure:4915: checking for dirent.h that defines DIR
configure:4935: gcc -c -g -O2  conftest.c >&5
configure:4935: $? = 0
configure:4944: result: yes
configure:4958: checking for library containing opendir
configure:4988: gcc -o conftest -g -O2   conftest.c -lm -lXext -lX11  >&5
configure:4988: $? = 0
configure:5008: result: none required
configure:5083: checking for stdio.h
configure:5083: gcc -c -g -O2  conftest.c >&5
configure:5083: $? = 0
configure:5083: result: yes
configure:5083: checking for stdlib.h
configure:5083: gcc -c -g -O2  conftest.c >&5
configure:5083: $? = 0
configure:5083: result: yes
configure:5083: checking for string.h
configure:5083: gcc -c -g -O2  conftest.c >&5
configure:5083: $? = 0
configure:5083: result: yes
configure:5083: checking for inttypes.h
configure:5083: gcc -c -g -O2  conftest.c >&5
configure:5083: $? = 0
configure:5083: result: yes
configure:5083: checking for stdint.h
configure:5083: gcc -c -g -O2  conftest.c >&5
configure:5083: $? = 0
configure:5083: result: yes
configure:5083: checking for strings.h
configure:5083: gcc -c -g -O2  conftest.c >&5
configure:5083: $? = 0
configure:5083: result: yes
configure:5083: checking for sys/stat.h
configure:5083: gcc -c -g -O2  conftest.c >&5
configure:5083: $? = 0
configure:5083: result: yes
configure:5083: checking for sys/types.h
configure:5083: gcc -c -g -O2  conftest.c >&5
configure:5083: $? = 0
configure:5083: result: yes
configure:5083: checking for unistd.h
configure:5083: gcc -c -g -O2  conftest.c >&5
configure:5083: $? = 0
configure:5083: result: yes
configure:5108: checking for grep that handles long lines and -e
configure:5172: result: /usr/bin/grep
configure:5180: checking for egrep
configure:5248: result: /usr/bin/grep -E
configure:5254: checking for sys/wait.h that is POSIX.1 compatible
configure:5281: gcc -c -g -O2  conftest.c >&5
configure:5281: $? = 0
configure:5289: result: yes
configure:5297: checking for unistd.h
configure:5297: result: yes
configure:5305: checking for an ANSI C-conforming const
configure:5372: gcc -c -g -O2  conftest.c >&5
configure:5372: $? = 0
configure:5380: result: yes
configure:5421: checking for pkg-config
configure:5444: found /usr/bin/pkg-config
configure:5456: result: /usr/bin/pkg-config
configure:5465: checking for gdk3 includes
configure:5473: result: -pthread -I/usr/include/gtk-3.0 -I/usr/include/at-spi2-atk/2.0 -I/usr/include/at-spi-2.0 -I/usr/include/dbus-1.0 -I/usr/lib/x86_64-linux-gnu/dbus-1.0/include -I/usr/include/gtk-3.0 -I/usr/include/gio-unix-2.0 -I/usr/include/cairo -I/usr/include/pango-1.0 -I/usr/include/harfbuzz -I/usr/include/pango-1.0 -I/usr/include/fribidi -I/usr/include/harfbuzz -I/usr/include/atk-1.0 -I/usr/include/cairo -I/usr/include/pixman-1 -I/usr/include/uuid -I/usr/include/freetype2 -I/usr/include/gdk-pixbuf-2.0 -I/usr/include/libpng16 -I/usr/include/x86_64-linux-gnu -I/usr/include/libmount -I/usr/include/blkid -I/usr/include/glib-2.0 -I/usr/lib/x86_64-linux-gnu/glib-2.0/include
configure:5475: checking for gdk3 libs
configure:5483: result: -lgtk-3 -lgdk-3 -lpangocairo-1.0 -lpango-1.0 -lharfbuzz  -lcairo-gobject -lcairo -lgdk_pixbuf-2.0 -lgio-2.0 -lgobject-2.0 -lglib-2.0
configure:5486: checking for libgtop2 includes
configure:5494: result: -I/usr/include/libgtop-2.0 -I/usr/include/glib-2.0 -I/usr/lib/x86_64-linux-gnu/glib-2.0/include
configure:5496: checking for libgtop2 libs
configure:5504: result: -lgtop-2.0 -lglib-2.0
configure:5510: checking for strstr
configure:5510: gcc -o conftest -g -O2 -pthread -I/usr/include/gtk-3.0 -I/usr/include/at-spi2-atk/2.0 -I/usr/include/at-spi-2.0 -I/usr/include/dbus-1.0 -I/usr/lib/x86_64-linux-gnu/dbus-1.0/include -I/usr/include/gtk-3.0 -I/usr/include/gio-unix-2.0 -I/usr/include/cairo -I/usr/include/pango-1.0 -I/usr/include/harfbuzz -I/usr/include/pango-1.0 -I/usr/include/fribidi -I/usr/include/harfbuzz -I/usr/include/atk-1.0 -I/usr/include/cairo -I/usr/include/pixman-1 -I/usr/include/uuid -I/usr/include/freetype2 -I/usr/include/gdk-pixbuf-2.0 -I/usr/include/libpng16 -I/usr/include/x86_64-linux-gnu -I/usr/include/libmount -I/usr/include/blkid -I/usr/include/glib-2.0 -I/usr/lib/x86_64-linux-gnu/glib-2.0/include -I/usr/include/libgtop-2.0 -I/usr/include/glib-2.0 -I/usr/lib/x86_64-linux-gnu/glib-2.0/include -g3 -O0    -lgtk-3 -lgdk-3 -lpangocairo-1.0 -lpango-1.0 -lharfbuzz  -lcairo-gobject -lcairo -lgdk_pixbuf-2.0 -lgio-2.0 -lgobject-2.0 -lglib-2.0 -lgtop-2.0 -lglib-2.0 conftest.c -lm -lXext -lX11  >&5
conftest.c:43:6: warning: conflicting types for built-in function 'strstr'; expected 'char *(const char *, const char *)' [-Wbuiltin-declaration-mismatch]
   43 | char strstr ();
      |      ^~~~~~
conftest.c:35:1: note: 'strstr' is declared in header '<string.h>'
   34 | #include <limits.h>
   35 | #undef strstr
configure:5510: $? = 0
configure:5510: result: yes
configure:5657: checking that generated files are newer than configure
configure:5663: result: done
configure:5690: creating ./config.status

## ---------------------- ##
## Running config.status. ##
## ---------------------- ##

This file was extended by config.status, which was
generated by GNU Autoconf 2.71.  Invocation command line was

  CONFIG_FILES    = 
  CONFIG_HEADERS  = 
  CONFIG_LINKS    = 
  CONFIG_COMMANDS = 
  $ ./config.status 

on ken-ThinkPad-T420

config.status:786: creating Makefile
config.status:786: creating src/Makefile
config.status:958: executing depfiles commands
config.status:1035: cd src       && sed -e '/# am--include-marker/d' Makefile         | make -f - am--depfiles
make: Nothing to be done for 'am--depfiles'.
config.status:1040: $? = 0

## ---------------- ##
## Cache variables. ##
## ---------------- ##

ac_cv_c_compiler_gnu=yes
ac_cv_c_const=yes
ac_cv_env_CC_set=
ac_cv_env_CC_value=
ac_cv_env_CFLAGS_set=
ac_cv_env_CFLAGS_value=
ac_cv_env_CPPFLAGS_set=
ac_cv_env_CPPFLAGS_value=
ac_cv_env_CPP_set=
ac_cv_env_CPP_value=
ac_cv_env_LDFLAGS_set=
ac_cv_env_LDFLAGS_value=
ac_cv_env_LIBS_set=
ac_cv_env_LIBS_value=
ac_cv_env_XMKMF_set=
ac_cv_env_XMKMF_value=
ac_cv_env_build_alias_set=
ac_cv_env_build_alias_value=
ac_cv_env_host_alias_set=
ac_cv_env_host_alias_value=
ac_cv_env_target_alias_set=
ac_cv_env_target_alias_value=
ac_cv_func_strstr=yes
ac_cv_have_x='have_x=yes	ac_x_includes='\'''\''	ac_x_libraries='\'''\'''
ac_cv_header_dirent_dirent_h=yes
ac_cv_header_inttypes_h=yes
ac_cv_header_stdint_h=yes
ac_cv_header_stdio_h=yes
ac_cv_header_stdlib_h=yes
ac_cv_header_string_h=yes
ac_cv_header_strings_h=yes
ac_cv_header_sys_stat_h=yes
ac_cv_header_sys_types_h=yes
ac_cv_header_sys_wait_h=yes
ac_cv_header_unistd_h=yes
ac_cv_lib_X11_main=yes
ac_cv_lib_Xext_main=yes
ac_cv_lib_m_sincos=yes
ac_cv_objext=o
ac_cv_path_EGREP='/usr/bin/grep -E'
ac_cv_path_GREP=/usr/bin/grep
ac_cv_path_config=/usr/bin/pkg-config
ac_cv_path_install='/usr/bin/install -c'
ac_cv_path_mkdir=/usr/bin/mkdir
ac_cv_prog_AWK=gawk
ac_cv_prog_CPP='gcc -E'
ac_cv_prog_ac_ct_CC=gcc
ac_cv_prog_cc_c11=
ac_cv_prog_cc_g=yes
ac_cv_prog_cc_stdc=
ac_cv_prog_make_make_set=yes
ac_cv_search_opendir='none required'
am_cv_CC_dependencies_compiler_type=gcc3
am_cv_make_support_nested_variables=yes
am_cv_prog_cc_c_o=yes

## ----------------- ##
## Output variables. ##
## ----------------- ##

ACLOCAL='aclocal-1.16'
AMDEPBACKSLASH='\'
AMDEP_FALSE='#'
AMDEP_TRUE=''
AMTAR='$${TAR-tar}'
AM_BACKSLASH='\'
AM_DEFAULT_V='$(AM_DEFAULT_VERBOSITY)'
AM_DEFAULT_VERBOSITY='1'
AM_V='$(V)'
AUTOCONF='autoconf'
AUTOHEADER='autoheader'
AUTOMAKE='automake-1.16'
AWK='gawk'
CC='gcc'
CCDEPMODE='depmode=gcc3'
CFLAGS='-g -O2 -pthread -I/usr/include/gtk-3.0 -I/usr/include/at-spi2-atk/2.0 -I/usr/include/at-spi-2.0 -I/usr/include/dbus-1.0 -I/usr/lib/x86_64-linux-gnu/dbus-1.0/include -I/usr/include/gtk-3.0 -I/usr/include/gio-unix-2.0 -I/usr/include/cairo -I/usr/include/pango-1.0 -I/usr/include/harfbuzz -I/usr/include/pango-1.0 -I/usr/include/fribidi -I/usr/include/harfbuzz -I/usr/include/atk-1.0 -I/usr/include/cairo -I/usr/include/pixman-1 -I/usr/include/uuid -I/usr/include/freetype2 -I/usr/include/gdk-pixbuf-2.0 -I/usr/include/libpng16 -I/usr/include/x86_64-linux-gnu -I/usr/include/libmount -I/usr/include/blkid -I/usr/include/glib-2.0 -I/usr/lib/x86_64-linux-gnu/glib-2.0/include -I/usr/include/libgtop-2.0 -I/usr/include/glib-2.0 -I/usr/lib/x86_64-linux-gnu/glib-2.0/include -g3 -O0 '
CPP='gcc -E'
CPPFLAGS=''
CSCOPE='cscope'
CTAGS='ctags'
CYGPATH_W='echo'
DEFS='-DPACKAGE_NAME=\"\" -DPACKAGE_TARNAME=\"\" -DPACKAGE_VERSION=\"\" -DPACKAGE_STRING=\"\" -DPACKAGE_BUGREPORT=\"\" -DPACKAGE_URL=\"\" -DPACKAGE=\"wmfire\" -DVERSION=\"1.2.4\" -DHAVE_LIBX11=1 -DHAVE_LIBXEXT=1 -DHAVE_LIBM=1 -DHAVE_DIRENT_H=1 -DHAVE_STDIO_H=1 -DHAVE_STDLIB_H=1 -DHAVE_STRING_H=1 -DHAVE_INTTYPES_H=1 -DHAVE_STDINT_H=1 -DHAVE_STRINGS_H=1 -DHAVE_SYS_STAT_H=1 -DHAVE_SYS_TYPES_H=1 -DHAVE_UNISTD_H=1 -DSTDC_HEADERS=1 -DHAVE_SYS_WAIT_H=1 -DHAVE_UNISTD_H=1 -DHAVE_STRSTR=1'
DEPDIR='.deps'
ECHO_C=''
ECHO_N='-n'
ECHO_T=''
EGREP='/usr/bin/grep -E'
ETAGS='etags'
EXEEXT=''
GREP='/usr/bin/grep'
INSTALL_DATA='${INSTALL} -m 644'
INSTALL_PROGRAM='${INSTALL}'
INSTALL_SCRIPT='${INSTALL}'
INSTALL_STRIP_PROGRAM='$(install_sh) -c -s'
LDFLAGS=' -lgtk-3 -lgdk-3 -lpangocairo-1.0 -lpango-1.0 -lharfbuzz  -lcairo-gobject -lcairo -lgdk_pixbuf-2.0 -lgio-2.0 -lgobject-2.0 -lglib-2.0 -lgtop-2.0 -lglib-2.0'
LIBOBJS=''
LIBS='-lm -lXext -lX11 '
LN_S='ln -s'
LTLIBOBJS=''
MAKEINFO='makeinfo'
MKDIR_P='/usr/bin/mkdir -p'
OBJEXT='o'
PACKAGE='wmfire'
PACKAGE_BUGREPORT=''
PACKAGE_NAME=''
PACKAGE_STRING=''
PACKAGE_TARNAME=''
PACKAGE_URL=''
PACKAGE_VERSION=''
PATH_SEPARATOR=':'
SESSION_FALSE=''
SESSION_TRUE='#'
SET_MAKE=''
SHELL='/bin/bash'
STRIP=''
VERSION='1.2.4'
XMKMF=''
ac_ct_CC='gcc'
am__EXEEXT_FALSE=''
am__EXEEXT_TRUE='#'
am__fastdepCC_FALSE='#'
am__fastdepCC_TRUE=''
am__include='include'
am__isrc=''
am__leading_dot='.'
am__nodep='_no'
am__quote=''
am__tar='$${TAR-tar} chof - "$$tardir"'
am__untar='$${TAR-tar} xf -'
bindir='${exec_prefix}/bin'
build_alias=''
config='/usr/bin/pkg-config'
datadir='${datarootdir}'
datarootdir='${prefix}/share'
docdir='${datarootdir}/doc/${PACKAGE}'
dvidir='${docdir}'
exec_prefix='${prefix}'
host_alias=''
htmldir='${docdir}'
includedir='${prefix}/include'
infodir='${datarootdir}/info'
install_sh='${SHELL} /home/ken/Downloads/wmfire-1.2.4/install-sh'
libdir='${exec_prefix}/lib'
libexecdir='${exec_prefix}/libexec'
localedir='${datarootdir}/locale'
localstatedir='${prefix}/var'
mandir='${datarootdir}/man'
mkdir_p='$(MKDIR_P)'
oldincludedir='/usr/include'
pdfdir='${docdir}'
prefix='/usr/local'
program_transform_name='s,x,x,'
psdir='${docdir}'
runstatedir='${localstatedir}/run'
sbindir='${exec_prefix}/sbin'
sharedstatedir='${prefix}/com'
sysconfdir='${prefix}/etc'
target_alias=''

## ----------- ##
## confdefs.h. ##
## ----------- ##

/* confdefs.h */
#define PACKAGE_NAME ""
#define PACKAGE_TARNAME ""
#define PACKAGE_VERSION ""
#define PACKAGE_STRING ""
#define PACKAGE_BUGREPORT ""
#define PACKAGE_URL ""
#define PACKAGE "wmfire"
#define VERSION "1.2.4"
#define HAVE_LIBX11 1
#define HAVE_LIBXEXT 1
#define HAVE_LIBM 1
#define HAVE_DIRENT_H 1
#define HAVE_STDIO_H 1
#define HAVE_STDLIB_H 1
#define HAVE_STRING_H 1
#define HAVE_INTTYPES_H 1
#define HAVE_STDINT_H 1
#define HAVE_STRINGS_H 1
#define HAVE_SYS_STAT_H 1
#define HAVE_SYS_TYPES_H 1
#define HAVE_UNISTD_H 1
#define STDC_HEADERS 1
#define HAVE_SYS_WAIT_H 1
#define HAVE_UNISTD_H 1
#define HAVE_STRSTR 1

configure: exit 0
